This file contains any messages produced by compilers while
running configure, to aid debugging if configure makes a mistake.

It was created by CAEN_PLUScalerDAQ configure v1.4, which was
generated by GNU Autoconf 2.69.  Invocation command line was

  $ ./configure 

## --------- ##
## Platform. ##
## --------- ##

hostname = cygno1
uname -m = x86_64
uname -r = 6.8.0-49-generic
uname -s = Linux
uname -v = #49~22.04.1-Ubuntu SMP PREEMPT_DYNAMIC Wed Nov  6 17:42:15 UTC 2

/usr/bin/uname -p = x86_64
/bin/uname -X     = unknown

/bin/arch              = x86_64
/usr/bin/arch -k       = unknown
/usr/convex/getsysinfo = unknown
/usr/bin/hostinfo      = unknown
/bin/machine           = unknown
/usr/bin/oslevel       = unknown
/bin/universe          = unknown

PATH: /home/mizzitelli/DAQ/packages/root/bin
PATH: /usr/local/sbin
PATH: /usr/local/bin
PATH: /usr/sbin
PATH: /usr/bin
PATH: /sbin
PATH: /bin
PATH: /usr/games
PATH: /usr/local/games
PATH: /snap/bin
PATH: /snap/bin
PATH: /home/mizzitelli/.local/bin/
PATH: /home/mizzitelli/.local/bin/
PATH: /home/mizzitelli/DAQ/packages/midas/bin
PATH: /home/mizzitelli/.local/bin/
PATH: /home/mizzitelli/DAQ/packages/midas/bin


## ----------- ##
## Core tests. ##
## ----------- ##

configure:2152: checking for a BSD-compatible install
configure:2220: result: /usr/bin/install -c
configure:2231: checking whether build environment is sane
configure:2286: result: yes
configure:2437: checking for a thread-safe mkdir -p
configure:2476: result: /usr/bin/mkdir -p
configure:2483: checking for gawk
configure:2499: found /usr/bin/gawk
configure:2510: result: gawk
configure:2521: checking whether make sets $(MAKE)
configure:2543: result: yes
configure:2572: checking whether make supports nested variables
configure:2589: result: yes
configure:2678: checking whether UID '1000' is supported by ustar format
configure:2681: result: yes
configure:2688: checking whether GID '1000' is supported by ustar format
configure:2691: result: yes
configure:2699: checking how to create a ustar tar archive
configure:2710: tar --version
tar (GNU tar) 1.34
Copyright (C) 2021 Free Software Foundation, Inc.
License GPLv3+: GNU GPL version 3 or later <https://gnu.org/licenses/gpl.html>.
This is free software: you are free to change and redistribute it.
There is NO WARRANTY, to the extent permitted by law.

Written by John Gilmore and Jay Fenlason.
configure:2713: $? = 0
configure:2753: tardir=conftest.dir && eval tar --format=ustar -chf - "$tardir" >conftest.tar
configure:2756: $? = 0
configure:2760: tar -xf - <conftest.tar
configure:2763: $? = 0
configure:2765: cat conftest.dir/file
GrepMe
configure:2768: $? = 0
configure:2781: result: gnutar
configure:2880: checking for gcc
configure:2896: found /usr/bin/gcc
configure:2907: result: gcc
configure:3136: checking for C compiler version
configure:3145: gcc --version >&5
gcc (Ubuntu 11.4.0-1ubuntu1~22.04) 11.4.0
Copyright (C) 2021 Free Software Foundation, Inc.
This is free software; see the source for copying conditions.  There is NO
warranty; not even for MERCHANTABILITY or FITNESS FOR A PARTICULAR PURPOSE.

configure:3156: $? = 0
configure:3145: gcc -v >&5
Using built-in specs.
COLLECT_GCC=gcc
COLLECT_LTO_WRAPPER=/usr/lib/gcc/x86_64-linux-gnu/11/lto-wrapper
OFFLOAD_TARGET_NAMES=nvptx-none:amdgcn-amdhsa
OFFLOAD_TARGET_DEFAULT=1
Target: x86_64-linux-gnu
Configured with: ../src/configure -v --with-pkgversion='Ubuntu 11.4.0-1ubuntu1~22.04' --with-bugurl=file:///usr/share/doc/gcc-11/README.Bugs --enable-languages=c,ada,c++,go,brig,d,fortran,objc,obj-c++,m2 --prefix=/usr --with-gcc-major-version-only --program-suffix=-11 --program-prefix=x86_64-linux-gnu- --enable-shared --enable-linker-build-id --libexecdir=/usr/lib --without-included-gettext --enable-threads=posix --libdir=/usr/lib --enable-nls --enable-bootstrap --enable-clocale=gnu --enable-libstdcxx-debug --enable-libstdcxx-time=yes --with-default-libstdcxx-abi=new --enable-gnu-unique-object --disable-vtable-verify --enable-plugin --enable-default-pie --with-system-zlib --enable-libphobos-checking=release --with-target-system-zlib=auto --enable-objc-gc=auto --enable-multiarch --disable-werror --enable-cet --with-arch-32=i686 --with-abi=m64 --with-multilib-list=m32,m64,mx32 --enable-multilib --with-tune=generic --enable-offload-targets=nvptx-none=/build/gcc-11-XeT9lY/gcc-11-11.4.0/debian/tmp-nvptx/usr,amdgcn-amdhsa=/build/gcc-11-XeT9lY/gcc-11-11.4.0/debian/tmp-gcn/usr --without-cuda-driver --enable-checking=release --build=x86_64-linux-gnu --host=x86_64-linux-gnu --target=x86_64-linux-gnu --with-build-config=bootstrap-lto-lean --enable-link-serialization=2
Thread model: posix
Supported LTO compression algorithms: zlib zstd
gcc version 11.4.0 (Ubuntu 11.4.0-1ubuntu1~22.04) 
... rest of stderr output deleted ...
configure:3156: $? = 0
configure:3145: gcc -V >&5
gcc: error: unrecognized command-line option '-V'
gcc: fatal error: no input files
compilation terminated.
configure:3156: $? = 1
configure:3145: gcc -qversion >&5
gcc: error: unrecognized command-line option '-qversion'; did you mean '--version'?
gcc: fatal error: no input files
compilation terminated.
configure:3156: $? = 1
configure:3176: checking whether the C compiler works
configure:3198: gcc    conftest.c  >&5
configure:3202: $? = 0
configure:3250: result: yes
configure:3253: checking for C compiler default output file name
configure:3255: result: a.out
configure:3261: checking for suffix of executables
configure:3268: gcc -o conftest    conftest.c  >&5
configure:3272: $? = 0
configure:3294: result: 
configure:3316: checking whether we are cross compiling
configure:3324: gcc -o conftest    conftest.c  >&5
configure:3328: $? = 0
configure:3335: ./conftest
configure:3339: $? = 0
configure:3354: result: no
configure:3359: checking for suffix of object files
configure:3381: gcc -c   conftest.c >&5
configure:3385: $? = 0
configure:3406: result: o
configure:3410: checking whether we are using the GNU C compiler
configure:3429: gcc -c   conftest.c >&5
configure:3429: $? = 0
configure:3438: result: yes
configure:3447: checking whether gcc accepts -g
configure:3467: gcc -c -g  conftest.c >&5
configure:3467: $? = 0
configure:3508: result: yes
configure:3525: checking for gcc option to accept ISO C89
configure:3588: gcc  -c -g -O2  conftest.c >&5
configure:3588: $? = 0
configure:3601: result: none needed
configure:3626: checking whether gcc understands -c and -o together
configure:3648: gcc -c conftest.c -o conftest2.o
configure:3651: $? = 0
configure:3648: gcc -c conftest.c -o conftest2.o
configure:3651: $? = 0
configure:3663: result: yes
configure:3683: checking whether make supports the include directive
configure:3698: make -f confmf.GNU && cat confinc.out
this is the am__doit target
configure:3701: $? = 0
configure:3720: result: yes (GNU style)
configure:3745: checking dependency style of gcc
configure:3856: result: gcc3
configure:3871: checking for gcc option to accept ISO C99
configure:4020: gcc  -c -g -O2  conftest.c >&5
configure:4020: $? = 0
configure:4033: result: none needed
configure:4054: checking for library containing sqrt
configure:4085: gcc -o conftest -g -O2   conftest.c  >&5
conftest.c:18:6: warning: conflicting types for built-in function 'sqrt'; expected 'double(double)' [-Wbuiltin-declaration-mismatch]
   18 | char sqrt ();
      |      ^~~~
conftest.c:1:1: note: 'sqrt' is declared in header '<math.h>'
    1 | /* confdefs.h */
/usr/bin/ld: /tmp/cc5saoCP.o: in function `main':
/home/mizzitelli/DAQ/CAEN/caen_pluscalerdaq-v1.4/conftest.c:22: undefined reference to `sqrt'
collect2: error: ld returned 1 exit status
configure:4085: $? = 1
configure: failed program was:
| /* confdefs.h */
| #define PACKAGE_NAME "CAEN_PLUScalerDAQ"
| #define PACKAGE_TARNAME "caen_pluscalerdaq"
| #define PACKAGE_VERSION "v1.4"
| #define PACKAGE_STRING "CAEN_PLUScalerDAQ v1.4"
| #define PACKAGE_BUGREPORT "support.computing@caen.it"
| #define PACKAGE_URL ""
| #define PACKAGE "caen_pluscalerdaq"
| #define VERSION "v1.4"
| /* end confdefs.h.  */
| 
| /* Override any GCC internal prototype to avoid an error.
|    Use char because int might match the return type of a GCC
|    builtin and then its argument prototype would still apply.  */
| #ifdef __cplusplus
| extern "C"
| #endif
| char sqrt ();
| int
| main ()
| {
| return sqrt ();
|   ;
|   return 0;
| }
configure:4085: gcc -o conftest -g -O2   conftest.c -lm   >&5
conftest.c:18:6: warning: conflicting types for built-in function 'sqrt'; expected 'double(double)' [-Wbuiltin-declaration-mismatch]
   18 | char sqrt ();
      |      ^~~~
conftest.c:1:1: note: 'sqrt' is declared in header '<math.h>'
    1 | /* confdefs.h */
configure:4085: $? = 0
configure:4102: result: -lm
configure:4114: checking build system type
configure:4128: result: x86_64-pc-linux-gnu
configure:4148: checking host system type
configure:4161: result: x86_64-pc-linux-gnu
configure:4181: checking for a sed that does not truncate output
configure:4245: result: /usr/bin/sed
configure:4255: checking how to run the C preprocessor
configure:4286: gcc -E  conftest.c
configure:4286: $? = 0
configure:4300: gcc -E  conftest.c
conftest.c:11:10: fatal error: ac_nonexistent.h: No such file or directory
   11 | #include <ac_nonexistent.h>
      |          ^~~~~~~~~~~~~~~~~~
compilation terminated.
configure:4300: $? = 1
configure: failed program was:
| /* confdefs.h */
| #define PACKAGE_NAME "CAEN_PLUScalerDAQ"
| #define PACKAGE_TARNAME "caen_pluscalerdaq"
| #define PACKAGE_VERSION "v1.4"
| #define PACKAGE_STRING "CAEN_PLUScalerDAQ v1.4"
| #define PACKAGE_BUGREPORT "support.computing@caen.it"
| #define PACKAGE_URL ""
| #define PACKAGE "caen_pluscalerdaq"
| #define VERSION "v1.4"
| /* end confdefs.h.  */
| #include <ac_nonexistent.h>
configure:4325: result: gcc -E
configure:4345: gcc -E  conftest.c
configure:4345: $? = 0
configure:4359: gcc -E  conftest.c
conftest.c:11:10: fatal error: ac_nonexistent.h: No such file or directory
   11 | #include <ac_nonexistent.h>
      |          ^~~~~~~~~~~~~~~~~~
compilation terminated.
configure:4359: $? = 1
configure: failed program was:
| /* confdefs.h */
| #define PACKAGE_NAME "CAEN_PLUScalerDAQ"
| #define PACKAGE_TARNAME "caen_pluscalerdaq"
| #define PACKAGE_VERSION "v1.4"
| #define PACKAGE_STRING "CAEN_PLUScalerDAQ v1.4"
| #define PACKAGE_BUGREPORT "support.computing@caen.it"
| #define PACKAGE_URL ""
| #define PACKAGE "caen_pluscalerdaq"
| #define VERSION "v1.4"
| /* end confdefs.h.  */
| #include <ac_nonexistent.h>
configure:4388: checking for grep that handles long lines and -e
configure:4446: result: /usr/bin/grep
configure:4451: checking for egrep
configure:4513: result: /usr/bin/grep -E
configure:4701: checking whether gcc is Clang
configure:4726: result: no
configure:4849: checking whether pthreads work with -pthread
configure:4943: gcc -o conftest -g -O2 -pthread   conftest.c  -lm  >&5
configure:4943: $? = 0
configure:4952: result: yes
configure:4971: checking for joinable pthread attribute
configure:4989: gcc -o conftest -g -O2 -pthread   conftest.c  -lm  >&5
configure:4989: $? = 0
configure:4997: result: PTHREAD_CREATE_JOINABLE
configure:5011: checking whether more special flags are required for pthreads
configure:5024: result: no
configure:5032: checking for PTHREAD_PRIO_INHERIT
configure:5048: gcc -o conftest -g -O2 -pthread   conftest.c  -lm  >&5
configure:5048: $? = 0
configure:5057: result: yes
configure:5162: checking for ANSI C header files
configure:5182: gcc -c -g -O2  conftest.c >&5
configure:5182: $? = 0
configure:5255: gcc -o conftest -g -O2   conftest.c -lm  >&5
configure:5255: $? = 0
configure:5255: ./conftest
configure:5255: $? = 0
configure:5266: result: yes
configure:5279: checking for sys/types.h
configure:5279: gcc -c -g -O2  conftest.c >&5
configure:5279: $? = 0
configure:5279: result: yes
configure:5279: checking for sys/stat.h
configure:5279: gcc -c -g -O2  conftest.c >&5
configure:5279: $? = 0
configure:5279: result: yes
configure:5279: checking for stdlib.h
configure:5279: gcc -c -g -O2  conftest.c >&5
configure:5279: $? = 0
configure:5279: result: yes
configure:5279: checking for string.h
configure:5279: gcc -c -g -O2  conftest.c >&5
configure:5279: $? = 0
configure:5279: result: yes
configure:5279: checking for memory.h
configure:5279: gcc -c -g -O2  conftest.c >&5
configure:5279: $? = 0
configure:5279: result: yes
configure:5279: checking for strings.h
configure:5279: gcc -c -g -O2  conftest.c >&5
configure:5279: $? = 0
configure:5279: result: yes
configure:5279: checking for inttypes.h
configure:5279: gcc -c -g -O2  conftest.c >&5
configure:5279: $? = 0
configure:5279: result: yes
configure:5279: checking for stdint.h
configure:5279: gcc -c -g -O2  conftest.c >&5
configure:5279: $? = 0
configure:5279: result: yes
configure:5279: checking for unistd.h
configure:5279: gcc -c -g -O2  conftest.c >&5
configure:5279: $? = 0
configure:5279: result: yes
configure:5291: checking CAEN_PLULib.h usability
configure:5291: gcc -c -g -O2  conftest.c >&5
configure:5291: $? = 0
configure:5291: result: yes
configure:5291: checking CAEN_PLULib.h presence
configure:5291: gcc -E  conftest.c
configure:5291: $? = 0
configure:5291: result: yes
configure:5291: checking for CAEN_PLULib.h
configure:5291: result: yes
configure:5299: checking for library containing CAEN_PLU_OpenDevice2
configure:5330: gcc -o conftest -g -O2   conftest.c -lm  >&5
/usr/bin/ld: /tmp/ccAuHfNN.o: in function `main':
/home/mizzitelli/DAQ/CAEN/caen_pluscalerdaq-v1.4/conftest.c:34: undefined reference to `CAEN_PLU_OpenDevice2'
collect2: error: ld returned 1 exit status
configure:5330: $? = 1
configure: failed program was:
| /* confdefs.h */
| #define PACKAGE_NAME "CAEN_PLUScalerDAQ"
| #define PACKAGE_TARNAME "caen_pluscalerdaq"
| #define PACKAGE_VERSION "v1.4"
| #define PACKAGE_STRING "CAEN_PLUScalerDAQ v1.4"
| #define PACKAGE_BUGREPORT "support.computing@caen.it"
| #define PACKAGE_URL ""
| #define PACKAGE "caen_pluscalerdaq"
| #define VERSION "v1.4"
| #define HAVE_PTHREAD_PRIO_INHERIT 1
| #define HAVE_PTHREAD 1
| #define STDC_HEADERS 1
| #define HAVE_SYS_TYPES_H 1
| #define HAVE_SYS_STAT_H 1
| #define HAVE_STDLIB_H 1
| #define HAVE_STRING_H 1
| #define HAVE_MEMORY_H 1
| #define HAVE_STRINGS_H 1
| #define HAVE_INTTYPES_H 1
| #define HAVE_STDINT_H 1
| #define HAVE_UNISTD_H 1
| /* end confdefs.h.  */
| 
| /* Override any GCC internal prototype to avoid an error.
|    Use char because int might match the return type of a GCC
|    builtin and then its argument prototype would still apply.  */
| #ifdef __cplusplus
| extern "C"
| #endif
| char CAEN_PLU_OpenDevice2 ();
| int
| main ()
| {
| return CAEN_PLU_OpenDevice2 ();
|   ;
|   return 0;
| }
configure:5330: gcc -o conftest -g -O2   conftest.c -lCAEN_PLU  -lm  >&5
configure:5330: $? = 0
configure:5347: result: -lCAEN_PLU
configure:5365: checking for gnuplot
configure:5381: found /usr/bin/gnuplot
configure:5393: result: yes
configure:5549: checking that generated files are newer than configure
configure:5555: result: done
configure:5578: creating ./config.status

## ---------------------- ##
## Running config.status. ##
## ---------------------- ##

This file was extended by CAEN_PLUScalerDAQ config.status v1.4, which was
generated by GNU Autoconf 2.69.  Invocation command line was

  CONFIG_FILES    = 
  CONFIG_HEADERS  = 
  CONFIG_LINKS    = 
  CONFIG_COMMANDS = 
  $ ./config.status 

on cygno1

config.status:793: creating Makefile
config.status:793: creating src/Makefile
config.status:965: executing depfiles commands
config.status:1042: cd src       && sed -e '/# am--include-marker/d' Makefile         | make -f - am--depfiles
config.status:1047: $? = 0

## ---------------- ##
## Cache variables. ##
## ---------------- ##

ac_cv_build=x86_64-pc-linux-gnu
ac_cv_c_compiler_gnu=yes
ac_cv_env_CC_set=
ac_cv_env_CC_value=
ac_cv_env_CFLAGS_set=
ac_cv_env_CFLAGS_value=
ac_cv_env_CPPFLAGS_set=
ac_cv_env_CPPFLAGS_value=
ac_cv_env_CPP_set=
ac_cv_env_CPP_value=
ac_cv_env_LDFLAGS_set=
ac_cv_env_LDFLAGS_value=
ac_cv_env_LIBS_set=
ac_cv_env_LIBS_value=
ac_cv_env_build_alias_set=
ac_cv_env_build_alias_value=
ac_cv_env_host_alias_set=
ac_cv_env_host_alias_value=
ac_cv_env_target_alias_set=
ac_cv_env_target_alias_value=
ac_cv_header_CAEN_PLULib_h=yes
ac_cv_header_inttypes_h=yes
ac_cv_header_memory_h=yes
ac_cv_header_stdc=yes
ac_cv_header_stdint_h=yes
ac_cv_header_stdlib_h=yes
ac_cv_header_string_h=yes
ac_cv_header_strings_h=yes
ac_cv_header_sys_stat_h=yes
ac_cv_header_sys_types_h=yes
ac_cv_header_unistd_h=yes
ac_cv_host=x86_64-pc-linux-gnu
ac_cv_objext=o
ac_cv_path_EGREP='/usr/bin/grep -E'
ac_cv_path_GREP=/usr/bin/grep
ac_cv_path_SED=/usr/bin/sed
ac_cv_path_install='/usr/bin/install -c'
ac_cv_path_mkdir=/usr/bin/mkdir
ac_cv_prog_AWK=gawk
ac_cv_prog_CPP='gcc -E'
ac_cv_prog_GNUPLOT=yes
ac_cv_prog_ac_ct_CC=gcc
ac_cv_prog_cc_c89=
ac_cv_prog_cc_c99=
ac_cv_prog_cc_g=yes
ac_cv_prog_make_make_set=yes
ac_cv_search_CAEN_PLU_OpenDevice2=-lCAEN_PLU
ac_cv_search_sqrt=-lm
am_cv_CC_dependencies_compiler_type=gcc3
am_cv_make_support_nested_variables=yes
am_cv_prog_cc_c_o=yes
am_cv_prog_tar_ustar=gnutar
ax_cv_PTHREAD_CLANG=no
ax_cv_PTHREAD_JOINABLE_ATTR=PTHREAD_CREATE_JOINABLE
ax_cv_PTHREAD_PRIO_INHERIT=yes
ax_cv_PTHREAD_SPECIAL_FLAGS=no

## ----------------- ##
## Output variables. ##
## ----------------- ##

ACLOCAL='${SHELL} /home/mizzitelli/DAQ/CAEN/caen_pluscalerdaq-v1.4/missing aclocal-1.16'
AMDEPBACKSLASH='\'
AMDEP_FALSE='#'
AMDEP_TRUE=''
AMTAR='$${TAR-tar}'
AM_BACKSLASH='\'
AM_DEFAULT_V='$(AM_DEFAULT_VERBOSITY)'
AM_DEFAULT_VERBOSITY='1'
AM_V='$(V)'
AUTOCONF='${SHELL} /home/mizzitelli/DAQ/CAEN/caen_pluscalerdaq-v1.4/missing autoconf'
AUTOHEADER='${SHELL} /home/mizzitelli/DAQ/CAEN/caen_pluscalerdaq-v1.4/missing autoheader'
AUTOMAKE='${SHELL} /home/mizzitelli/DAQ/CAEN/caen_pluscalerdaq-v1.4/missing automake-1.16'
AWK='gawk'
CC='gcc'
CCDEPMODE='depmode=gcc3'
CFLAGS='-g -O2'
CPP='gcc -E'
CPPFLAGS=''
CYGPATH_W='echo'
DEFS='-DPACKAGE_NAME=\"CAEN_PLUScalerDAQ\" -DPACKAGE_TARNAME=\"caen_pluscalerdaq\" -DPACKAGE_VERSION=\"v1.4\" -DPACKAGE_STRING=\"CAEN_PLUScalerDAQ\ v1.4\" -DPACKAGE_BUGREPORT=\"support.computing@caen.it\" -DPACKAGE_URL=\"\" -DPACKAGE=\"caen_pluscalerdaq\" -DVERSION=\"v1.4\" -DHAVE_PTHREAD_PRIO_INHERIT=1 -DHAVE_PTHREAD=1 -DSTDC_HEADERS=1 -DHAVE_SYS_TYPES_H=1 -DHAVE_SYS_STAT_H=1 -DHAVE_STDLIB_H=1 -DHAVE_STRING_H=1 -DHAVE_MEMORY_H=1 -DHAVE_STRINGS_H=1 -DHAVE_INTTYPES_H=1 -DHAVE_STDINT_H=1 -DHAVE_UNISTD_H=1 -DLINUX=/\*\*/'
DEPDIR='.deps'
ECHO_C=''
ECHO_N='-n'
ECHO_T=''
EGREP='/usr/bin/grep -E'
EXEEXT=''
GNUPLOT='yes'
GREP='/usr/bin/grep'
INSTALL_DATA='${INSTALL} -m 644'
INSTALL_PROGRAM='${INSTALL}'
INSTALL_SCRIPT='${INSTALL}'
INSTALL_STRIP_PROGRAM='$(install_sh) -c -s'
LDFLAGS=''
LIBOBJS=''
LIBS='-lCAEN_PLU -lm '
LTLIBOBJS=''
MAKEINFO='${SHELL} /home/mizzitelli/DAQ/CAEN/caen_pluscalerdaq-v1.4/missing makeinfo'
MKDIR_P='/usr/bin/mkdir -p'
OBJEXT='o'
PACKAGE='caen_pluscalerdaq'
PACKAGE_BUGREPORT='support.computing@caen.it'
PACKAGE_NAME='CAEN_PLUScalerDAQ'
PACKAGE_STRING='CAEN_PLUScalerDAQ v1.4'
PACKAGE_TARNAME='caen_pluscalerdaq'
PACKAGE_URL=''
PACKAGE_VERSION='v1.4'
PATH_SEPARATOR=':'
PTHREAD_CC='gcc'
PTHREAD_CFLAGS='-pthread'
PTHREAD_LIBS=''
SED='/usr/bin/sed'
SET_MAKE=''
SHELL='/bin/bash'
STRIP=''
VERSION='v1.4'
ac_ct_CC='gcc'
am__EXEEXT_FALSE=''
am__EXEEXT_TRUE='#'
am__fastdepCC_FALSE='#'
am__fastdepCC_TRUE=''
am__include='include'
am__isrc=''
am__leading_dot='.'
am__nodep='_no'
am__quote=''
am__tar='tar --format=ustar -chf - "$$tardir"'
am__untar='tar -xf -'
ax_pthread_config=''
bindir='${exec_prefix}/bin'
build='x86_64-pc-linux-gnu'
build_alias=''
build_cpu='x86_64'
build_os='linux-gnu'
build_vendor='pc'
datadir='${datarootdir}'
datarootdir='${prefix}/share'
docdir='${datarootdir}/doc/${PACKAGE_TARNAME}'
dvidir='${docdir}'
exec_prefix='${prefix}'
host='x86_64-pc-linux-gnu'
host_alias=''
host_cpu='x86_64'
host_os='linux-gnu'
host_vendor='pc'
htmldir='${docdir}'
includedir='${prefix}/include'
infodir='${datarootdir}/info'
install_sh='${SHELL} /home/mizzitelli/DAQ/CAEN/caen_pluscalerdaq-v1.4/install-sh'
libdir='${exec_prefix}/lib'
libexecdir='${exec_prefix}/libexec'
localedir='${datarootdir}/locale'
localstatedir='${prefix}/var'
mandir='${datarootdir}/man'
mkdir_p='$(MKDIR_P)'
oldincludedir='/usr/include'
pdfdir='${docdir}'
prefix='/usr/local'
program_transform_name='s,x,x,'
psdir='${docdir}'
runstatedir='${localstatedir}/run'
sbindir='${exec_prefix}/sbin'
sharedstatedir='${prefix}/com'
sysconfdir='${prefix}/etc'
target_alias=''

## ----------- ##
## confdefs.h. ##
## ----------- ##

/* confdefs.h */
#define PACKAGE_NAME "CAEN_PLUScalerDAQ"
#define PACKAGE_TARNAME "caen_pluscalerdaq"
#define PACKAGE_VERSION "v1.4"
#define PACKAGE_STRING "CAEN_PLUScalerDAQ v1.4"
#define PACKAGE_BUGREPORT "support.computing@caen.it"
#define PACKAGE_URL ""
#define PACKAGE "caen_pluscalerdaq"
#define VERSION "v1.4"
#define HAVE_PTHREAD_PRIO_INHERIT 1
#define HAVE_PTHREAD 1
#define STDC_HEADERS 1
#define HAVE_SYS_TYPES_H 1
#define HAVE_SYS_STAT_H 1
#define HAVE_STDLIB_H 1
#define HAVE_STRING_H 1
#define HAVE_MEMORY_H 1
#define HAVE_STRINGS_H 1
#define HAVE_INTTYPES_H 1
#define HAVE_STDINT_H 1
#define HAVE_UNISTD_H 1
#define LINUX /**/

configure: exit 0
