This file contains any messages produced by compilers while
running configure, to aid debugging if configure makes a mistake.

It was created by CAENUpgrader configure 1.7.8, which was
generated by GNU Autoconf 2.69.  Invocation command line was

  $ ./configure 

## --------- ##
## Platform. ##
## --------- ##

hostname = cygno1
uname -m = x86_64
uname -r = 6.8.0-49-generic
uname -s = Linux
uname -v = #49~22.04.1-Ubuntu SMP PREEMPT_DYNAMIC Wed Nov  6 17:42:15 UTC 2

/usr/bin/uname -p = x86_64
/bin/uname -X     = unknown

/bin/arch              = x86_64
/usr/bin/arch -k       = unknown
/usr/convex/getsysinfo = unknown
/usr/bin/hostinfo      = unknown
/bin/machine           = unknown
/usr/bin/oslevel       = unknown
/bin/universe          = unknown

PATH: /usr/local/sbin
PATH: /usr/local/bin
PATH: /usr/sbin
PATH: /usr/bin
PATH: /sbin
PATH: /bin
PATH: /usr/games
PATH: /usr/local/games
PATH: /snap/bin


## ----------- ##
## Core tests. ##
## ----------- ##

configure:2311: checking for a BSD-compatible install
configure:2379: result: /usr/bin/install -c
configure:2390: checking whether build environment is sane
configure:2445: result: yes
configure:2596: checking for a thread-safe mkdir -p
configure:2635: result: /usr/bin/mkdir -p
configure:2642: checking for gawk
configure:2672: result: no
configure:2642: checking for mawk
configure:2658: found /usr/bin/mawk
configure:2669: result: mawk
configure:2680: checking whether make sets $(MAKE)
configure:2702: result: yes
configure:2731: checking whether make supports nested variables
configure:2748: result: yes
configure:3014: checking that generated files are newer than configure
configure:3020: result: done
configure:3028: creating ./config.status

## ---------------------- ##
## Running config.status. ##
## ---------------------- ##

This file was extended by CAENUpgrader config.status 1.7.8, which was
generated by GNU Autoconf 2.69.  Invocation command line was

  CONFIG_FILES    = 
  CONFIG_HEADERS  = 
  CONFIG_LINKS    = 
  CONFIG_COMMANDS = 
  $ ./config.status 

on cygno1

config.status:773: creating Makefile
config.status:773: creating cvUpgrade/Makefile
config.status:773: creating cvUpgrade/src/Makefile
config.status:773: creating CAENBridgeUpgrade/Makefile
config.status:773: creating CAENBridgeUpgrade/src/Makefile
config.status:773: creating HVUpgrade/Makefile
config.status:773: creating HVUpgrade/src/Makefile
config.status:773: creating DeskBoot/Makefile
config.status:773: creating DeskBoot/src/Makefile
config.status:773: creating CAENUpgraderGUI/Makefile
configure:4109: checking for gcc
configure:4125: found /usr/bin/gcc
configure:4136: result: gcc
configure:4365: checking for C compiler version
configure:4374: gcc --version >&5
gcc (Ubuntu 11.4.0-1ubuntu1~22.04) 11.4.0
Copyright (C) 2021 Free Software Foundation, Inc.
This is free software; see the source for copying conditions.  There is NO
warranty; not even for MERCHANTABILITY or FITNESS FOR A PARTICULAR PURPOSE.

configure:4385: $? = 0
configure:4374: gcc -v >&5
Using built-in specs.
COLLECT_GCC=gcc
COLLECT_LTO_WRAPPER=/usr/lib/gcc/x86_64-linux-gnu/11/lto-wrapper
OFFLOAD_TARGET_NAMES=nvptx-none:amdgcn-amdhsa
OFFLOAD_TARGET_DEFAULT=1
Target: x86_64-linux-gnu
Configured with: ../src/configure -v --with-pkgversion='Ubuntu 11.4.0-1ubuntu1~22.04' --with-bugurl=file:///usr/share/doc/gcc-11/README.Bugs --enable-languages=c,ada,c++,go,brig,d,fortran,objc,obj-c++,m2 --prefix=/usr --with-gcc-major-version-only --program-suffix=-11 --program-prefix=x86_64-linux-gnu- --enable-shared --enable-linker-build-id --libexecdir=/usr/lib --without-included-gettext --enable-threads=posix --libdir=/usr/lib --enable-nls --enable-bootstrap --enable-clocale=gnu --enable-libstdcxx-debug --enable-libstdcxx-time=yes --with-default-libstdcxx-abi=new --enable-gnu-unique-object --disable-vtable-verify --enable-plugin --enable-default-pie --with-system-zlib --enable-libphobos-checking=release --with-target-system-zlib=auto --enable-objc-gc=auto --enable-multiarch --disable-werror --enable-cet --with-arch-32=i686 --with-abi=m64 --with-multilib-list=m32,m64,mx32 --enable-multilib --with-tune=generic --enable-offload-targets=nvptx-none=/build/gcc-11-XeT9lY/gcc-11-11.4.0/debian/tmp-nvptx/usr,amdgcn-amdhsa=/build/gcc-11-XeT9lY/gcc-11-11.4.0/debian/tmp-gcn/usr --without-cuda-driver --enable-checking=release --build=x86_64-linux-gnu --host=x86_64-linux-gnu --target=x86_64-linux-gnu --with-build-config=bootstrap-lto-lean --enable-link-serialization=2
Thread model: posix
Supported LTO compression algorithms: zlib zstd
gcc version 11.4.0 (Ubuntu 11.4.0-1ubuntu1~22.04) 
... rest of stderr output deleted ...
configure:4385: $? = 0
configure:4374: gcc -V >&5
gcc: error: unrecognized command-line option '-V'
gcc: fatal error: no input files
compilation terminated.
configure:4385: $? = 1
configure:4374: gcc -qversion >&5
gcc: error: unrecognized command-line option '-qversion'; did you mean '--version'?
gcc: fatal error: no input files
compilation terminated.
configure:4385: $? = 1
configure:4405: checking whether the C compiler works
configure:4427: gcc    conftest.c  >&5
configure:4431: $? = 0
configure:4479: result: yes
configure:4482: checking for C compiler default output file name
configure:4484: result: a.out
configure:4490: checking for suffix of executables
configure:4497: gcc -o conftest    conftest.c  >&5
configure:4501: $? = 0
configure:4523: result: 
configure:4545: checking whether we are cross compiling
configure:4553: gcc -o conftest    conftest.c  >&5
configure:4557: $? = 0
configure:4564: ./conftest
configure:4568: $? = 0
configure:4583: result: no
configure:4588: checking for suffix of object files
configure:4610: gcc -c   conftest.c >&5
configure:4614: $? = 0
configure:4635: result: o
configure:4639: checking whether we are using the GNU C compiler
configure:4658: gcc -c   conftest.c >&5
configure:4658: $? = 0
configure:4667: result: yes
configure:4676: checking whether gcc accepts -g
configure:4696: gcc -c -g  conftest.c >&5
configure:4696: $? = 0
configure:4737: result: yes
configure:4754: checking for gcc option to accept ISO C89
configure:4817: gcc  -c -g -O2  conftest.c >&5
configure:4817: $? = 0
configure:4830: result: none needed
configure:4855: checking whether gcc understands -c and -o together
configure:4877: gcc -c conftest.c -o conftest2.o
configure:4880: $? = 0
configure:4877: gcc -c conftest.c -o conftest2.o
configure:4880: $? = 0
configure:4892: result: yes
configure:4920: checking for style of include used by make
configure:4948: result: GNU
configure:4974: checking dependency style of gcc
configure:5085: result: gcc3
configure:5110: checking how to run the C preprocessor
configure:5141: gcc -E  conftest.c
configure:5141: $? = 0
configure:5155: gcc -E  conftest.c
conftest.c:12:10: fatal error: ac_nonexistent.h: No such file or directory
   12 | #include <ac_nonexistent.h>
      |          ^~~~~~~~~~~~~~~~~~
compilation terminated.
configure:5155: $? = 1
configure: failed program was:
| /* confdefs.h */
| #define PACKAGE_NAME "CAENUpgrader"
| #define PACKAGE_TARNAME "caenupgrader"
| #define PACKAGE_VERSION "1.7.8"
| #define PACKAGE_STRING "CAENUpgrader 1.7.8"
| #define PACKAGE_BUGREPORT ""
| #define PACKAGE_URL ""
| #define PACKAGE "CAENUpgrader"
| #define VERSION "1.7.8"
| #define LINUX 1
| /* end confdefs.h.  */
| #include <ac_nonexistent.h>
configure:5180: result: gcc -E
configure:5200: gcc -E  conftest.c
configure:5200: $? = 0
configure:5214: gcc -E  conftest.c
conftest.c:12:10: fatal error: ac_nonexistent.h: No such file or directory
   12 | #include <ac_nonexistent.h>
      |          ^~~~~~~~~~~~~~~~~~
compilation terminated.
configure:5214: $? = 1
configure: failed program was:
| /* confdefs.h */
| #define PACKAGE_NAME "CAENUpgrader"
| #define PACKAGE_TARNAME "caenupgrader"
| #define PACKAGE_VERSION "1.7.8"
| #define PACKAGE_STRING "CAENUpgrader 1.7.8"
| #define PACKAGE_BUGREPORT ""
| #define PACKAGE_URL ""
| #define PACKAGE "CAENUpgrader"
| #define VERSION "1.7.8"
| #define LINUX 1
| /* end confdefs.h.  */
| #include <ac_nonexistent.h>
configure:5243: checking for grep that handles long lines and -e
configure:5301: result: /usr/bin/grep
configure:5306: checking for egrep
configure:5368: result: /usr/bin/grep -E
configure:5373: checking for ANSI C header files
configure:5393: gcc -c -g -O2  conftest.c >&5
configure:5393: $? = 0
configure:5466: gcc -o conftest -g -O2   conftest.c  >&5
configure:5466: $? = 0
configure:5466: ./conftest
configure:5466: $? = 0
configure:5477: result: yes
configure:5490: checking for sys/types.h
configure:5490: gcc -c -g -O2  conftest.c >&5
configure:5490: $? = 0
configure:5490: result: yes
configure:5490: checking for sys/stat.h
configure:5490: gcc -c -g -O2  conftest.c >&5
configure:5490: $? = 0
configure:5490: result: yes
configure:5490: checking for stdlib.h
configure:5490: gcc -c -g -O2  conftest.c >&5
configure:5490: $? = 0
configure:5490: result: yes
configure:5490: checking for string.h
configure:5490: gcc -c -g -O2  conftest.c >&5
configure:5490: $? = 0
configure:5490: result: yes
configure:5490: checking for memory.h
configure:5490: gcc -c -g -O2  conftest.c >&5
configure:5490: $? = 0
configure:5490: result: yes
configure:5490: checking for strings.h
configure:5490: gcc -c -g -O2  conftest.c >&5
configure:5490: $? = 0
configure:5490: result: yes
configure:5490: checking for inttypes.h
configure:5490: gcc -c -g -O2  conftest.c >&5
configure:5490: $? = 0
configure:5490: result: yes
configure:5490: checking for stdint.h
configure:5490: gcc -c -g -O2  conftest.c >&5
configure:5490: $? = 0
configure:5490: result: yes
configure:5490: checking for unistd.h
configure:5490: gcc -c -g -O2  conftest.c >&5
configure:5490: $? = 0
configure:5490: result: yes
configure:5502: checking CAENVMElib.h usability
configure:5502: gcc -c -g -O2  conftest.c >&5
configure:5502: $? = 0
configure:5502: result: yes
configure:5502: checking CAENVMElib.h presence
configure:5502: gcc -E  conftest.c
configure:5502: $? = 0
configure:5502: result: yes
configure:5502: checking for CAENVMElib.h
configure:5502: result: yes
configure:5510: checking CAENVMEtypes.h usability
configure:5510: gcc -c -g -O2  conftest.c >&5
configure:5510: $? = 0
configure:5510: result: yes
configure:5510: checking CAENVMEtypes.h presence
configure:5510: gcc -E  conftest.c
configure:5510: $? = 0
configure:5510: result: yes
configure:5510: checking for CAENVMEtypes.h
configure:5510: result: yes
configure:5518: checking for cvUSB_A4818 in CAENVMEtypes.h
configure:5544: result: CAENVMEtypes.h
configure:5555: checking for CAENVME_Init2 in -lCAENVME
configure:5580: gcc -o conftest -g -O2   conftest.c -lCAENVME   >&5
configure:5580: $? = 0
configure:5589: result: yes
configure:5601: checking CAENComm.h usability
configure:5601: gcc -c -g -O2  conftest.c >&5
configure:5601: $? = 0
configure:5601: result: yes
configure:5601: checking CAENComm.h presence
configure:5601: gcc -E  conftest.c
configure:5601: $? = 0
configure:5601: result: yes
configure:5601: checking for CAENComm.h
configure:5601: result: yes
configure:5609: checking for CAENComm_USB_A4818 in CAENComm.h
configure:5635: result: CAENComm.h
configure:5646: checking for CAENComm_OpenDevice2 in -lCAENComm
configure:5671: gcc -o conftest -g -O2   conftest.c -lCAENComm   >&5
configure:5671: $? = 0
configure:5680: result: yes
configure:5697: checking for stdint.h
configure:5697: result: yes
configure:5697: checking for stdlib.h
configure:5697: result: yes
configure:5697: checking for string.h
configure:5697: result: yes
configure:5697: checking sys/time.h usability
configure:5697: gcc -c -g -O2  conftest.c >&5
configure:5697: $? = 0
configure:5697: result: yes
configure:5697: checking sys/time.h presence
configure:5697: gcc -E  conftest.c
configure:5697: $? = 0
configure:5697: result: yes
configure:5697: checking for sys/time.h
configure:5697: result: yes
configure:5697: checking sys/timeb.h usability
configure:5697: gcc -c -g -O2  conftest.c >&5
configure:5697: $? = 0
configure:5697: result: yes
configure:5697: checking sys/timeb.h presence
configure:5697: gcc -E  conftest.c
configure:5697: $? = 0
configure:5697: result: yes
configure:5697: checking for sys/timeb.h
configure:5697: result: yes
configure:5697: checking termios.h usability
configure:5697: gcc -c -g -O2  conftest.c >&5
configure:5697: $? = 0
configure:5697: result: yes
configure:5697: checking termios.h presence
configure:5697: gcc -E  conftest.c
configure:5697: $? = 0
configure:5697: result: yes
configure:5697: checking for termios.h
configure:5697: result: yes
configure:5697: checking for unistd.h
configure:5697: result: yes
configure:5709: checking for int16_t
configure:5709: gcc -c -g -O2  conftest.c >&5
configure:5709: $? = 0
configure:5709: gcc -c -g -O2  conftest.c >&5
conftest.c: In function 'main':
conftest.c:66:12: error: size of array 'test_array' is negative
   66 | static int test_array [1 - 2 * !((int16_t) (((((int16_t) 1 << N) << N) - 1) * 2 + 1)
      |            ^~~~~~~~~~
configure:5709: $? = 1
configure: failed program was:
| /* confdefs.h */
| #define PACKAGE_NAME "CAENUpgrader"
| #define PACKAGE_TARNAME "caenupgrader"
| #define PACKAGE_VERSION "1.7.8"
| #define PACKAGE_STRING "CAENUpgrader 1.7.8"
| #define PACKAGE_BUGREPORT ""
| #define PACKAGE_URL ""
| #define PACKAGE "CAENUpgrader"
| #define VERSION "1.7.8"
| #define LINUX 1
| #define STDC_HEADERS 1
| #define HAVE_SYS_TYPES_H 1
| #define HAVE_SYS_STAT_H 1
| #define HAVE_STDLIB_H 1
| #define HAVE_STRING_H 1
| #define HAVE_MEMORY_H 1
| #define HAVE_STRINGS_H 1
| #define HAVE_INTTYPES_H 1
| #define HAVE_STDINT_H 1
| #define HAVE_UNISTD_H 1
| #define HAVE_STDINT_H 1
| #define HAVE_STDLIB_H 1
| #define HAVE_STRING_H 1
| #define HAVE_SYS_TIME_H 1
| #define HAVE_SYS_TIMEB_H 1
| #define HAVE_TERMIOS_H 1
| #define HAVE_UNISTD_H 1
| /* end confdefs.h.  */
| #include <stdio.h>
| #ifdef HAVE_SYS_TYPES_H
| # include <sys/types.h>
| #endif
| #ifdef HAVE_SYS_STAT_H
| # include <sys/stat.h>
| #endif
| #ifdef STDC_HEADERS
| # include <stdlib.h>
| # include <stddef.h>
| #else
| # ifdef HAVE_STDLIB_H
| #  include <stdlib.h>
| # endif
| #endif
| #ifdef HAVE_STRING_H
| # if !defined STDC_HEADERS && defined HAVE_MEMORY_H
| #  include <memory.h>
| # endif
| # include <string.h>
| #endif
| #ifdef HAVE_STRINGS_H
| # include <strings.h>
| #endif
| #ifdef HAVE_INTTYPES_H
| # include <inttypes.h>
| #endif
| #ifdef HAVE_STDINT_H
| # include <stdint.h>
| #endif
| #ifdef HAVE_UNISTD_H
| # include <unistd.h>
| #endif
| 	        enum { N = 16 / 2 - 1 };
| int
| main ()
| {
| static int test_array [1 - 2 * !((int16_t) (((((int16_t) 1 << N) << N) - 1) * 2 + 1)
| 		 < (int16_t) (((((int16_t) 1 << N) << N) - 1) * 2 + 2))];
| test_array [0] = 0;
| return test_array [0];
| 
|   ;
|   return 0;
| }
configure:5709: result: yes
configure:5720: checking for int32_t
configure:5720: gcc -c -g -O2  conftest.c >&5
configure:5720: $? = 0
configure:5720: gcc -c -g -O2  conftest.c >&5
conftest.c: In function 'main':
conftest.c:67:67: warning: integer overflow in expression of type 'int' results in '-2147483648' [-Woverflow]
   67 |                  < (int32_t) (((((int32_t) 1 << N) << N) - 1) * 2 + 2))];
      |                                                                   ^
conftest.c:66:12: error: storage size of 'test_array' isn't constant
   66 | static int test_array [1 - 2 * !((int32_t) (((((int32_t) 1 << N) << N) - 1) * 2 + 1)
      |            ^~~~~~~~~~
configure:5720: $? = 1
configure: failed program was:
| /* confdefs.h */
| #define PACKAGE_NAME "CAENUpgrader"
| #define PACKAGE_TARNAME "caenupgrader"
| #define PACKAGE_VERSION "1.7.8"
| #define PACKAGE_STRING "CAENUpgrader 1.7.8"
| #define PACKAGE_BUGREPORT ""
| #define PACKAGE_URL ""
| #define PACKAGE "CAENUpgrader"
| #define VERSION "1.7.8"
| #define LINUX 1
| #define STDC_HEADERS 1
| #define HAVE_SYS_TYPES_H 1
| #define HAVE_SYS_STAT_H 1
| #define HAVE_STDLIB_H 1
| #define HAVE_STRING_H 1
| #define HAVE_MEMORY_H 1
| #define HAVE_STRINGS_H 1
| #define HAVE_INTTYPES_H 1
| #define HAVE_STDINT_H 1
| #define HAVE_UNISTD_H 1
| #define HAVE_STDINT_H 1
| #define HAVE_STDLIB_H 1
| #define HAVE_STRING_H 1
| #define HAVE_SYS_TIME_H 1
| #define HAVE_SYS_TIMEB_H 1
| #define HAVE_TERMIOS_H 1
| #define HAVE_UNISTD_H 1
| /* end confdefs.h.  */
| #include <stdio.h>
| #ifdef HAVE_SYS_TYPES_H
| # include <sys/types.h>
| #endif
| #ifdef HAVE_SYS_STAT_H
| # include <sys/stat.h>
| #endif
| #ifdef STDC_HEADERS
| # include <stdlib.h>
| # include <stddef.h>
| #else
| # ifdef HAVE_STDLIB_H
| #  include <stdlib.h>
| # endif
| #endif
| #ifdef HAVE_STRING_H
| # if !defined STDC_HEADERS && defined HAVE_MEMORY_H
| #  include <memory.h>
| # endif
| # include <string.h>
| #endif
| #ifdef HAVE_STRINGS_H
| # include <strings.h>
| #endif
| #ifdef HAVE_INTTYPES_H
| # include <inttypes.h>
| #endif
| #ifdef HAVE_STDINT_H
| # include <stdint.h>
| #endif
| #ifdef HAVE_UNISTD_H
| # include <unistd.h>
| #endif
| 	        enum { N = 32 / 2 - 1 };
| int
| main ()
| {
| static int test_array [1 - 2 * !((int32_t) (((((int32_t) 1 << N) << N) - 1) * 2 + 1)
| 		 < (int32_t) (((((int32_t) 1 << N) << N) - 1) * 2 + 2))];
| test_array [0] = 0;
| return test_array [0];
| 
|   ;
|   return 0;
| }
configure:5720: result: yes
configure:5731: checking for int8_t
configure:5731: gcc -c -g -O2  conftest.c >&5
configure:5731: $? = 0
configure:5731: gcc -c -g -O2  conftest.c >&5
conftest.c: In function 'main':
conftest.c:66:12: error: size of array 'test_array' is negative
   66 | static int test_array [1 - 2 * !((int8_t) (((((int8_t) 1 << N) << N) - 1) * 2 + 1)
      |            ^~~~~~~~~~
configure:5731: $? = 1
configure: failed program was:
| /* confdefs.h */
| #define PACKAGE_NAME "CAENUpgrader"
| #define PACKAGE_TARNAME "caenupgrader"
| #define PACKAGE_VERSION "1.7.8"
| #define PACKAGE_STRING "CAENUpgrader 1.7.8"
| #define PACKAGE_BUGREPORT ""
| #define PACKAGE_URL ""
| #define PACKAGE "CAENUpgrader"
| #define VERSION "1.7.8"
| #define LINUX 1
| #define STDC_HEADERS 1
| #define HAVE_SYS_TYPES_H 1
| #define HAVE_SYS_STAT_H 1
| #define HAVE_STDLIB_H 1
| #define HAVE_STRING_H 1
| #define HAVE_MEMORY_H 1
| #define HAVE_STRINGS_H 1
| #define HAVE_INTTYPES_H 1
| #define HAVE_STDINT_H 1
| #define HAVE_UNISTD_H 1
| #define HAVE_STDINT_H 1
| #define HAVE_STDLIB_H 1
| #define HAVE_STRING_H 1
| #define HAVE_SYS_TIME_H 1
| #define HAVE_SYS_TIMEB_H 1
| #define HAVE_TERMIOS_H 1
| #define HAVE_UNISTD_H 1
| /* end confdefs.h.  */
| #include <stdio.h>
| #ifdef HAVE_SYS_TYPES_H
| # include <sys/types.h>
| #endif
| #ifdef HAVE_SYS_STAT_H
| # include <sys/stat.h>
| #endif
| #ifdef STDC_HEADERS
| # include <stdlib.h>
| # include <stddef.h>
| #else
| # ifdef HAVE_STDLIB_H
| #  include <stdlib.h>
| # endif
| #endif
| #ifdef HAVE_STRING_H
| # if !defined STDC_HEADERS && defined HAVE_MEMORY_H
| #  include <memory.h>
| # endif
| # include <string.h>
| #endif
| #ifdef HAVE_STRINGS_H
| # include <strings.h>
| #endif
| #ifdef HAVE_INTTYPES_H
| # include <inttypes.h>
| #endif
| #ifdef HAVE_STDINT_H
| # include <stdint.h>
| #endif
| #ifdef HAVE_UNISTD_H
| # include <unistd.h>
| #endif
| 	        enum { N = 8 / 2 - 1 };
| int
| main ()
| {
| static int test_array [1 - 2 * !((int8_t) (((((int8_t) 1 << N) << N) - 1) * 2 + 1)
| 		 < (int8_t) (((((int8_t) 1 << N) << N) - 1) * 2 + 2))];
| test_array [0] = 0;
| return test_array [0];
| 
|   ;
|   return 0;
| }
configure:5731: result: yes
configure:5742: checking for uint16_t
configure:5742: gcc -c -g -O2  conftest.c >&5
configure:5742: $? = 0
configure:5742: result: yes
configure:5754: checking for uint32_t
configure:5754: gcc -c -g -O2  conftest.c >&5
configure:5754: $? = 0
configure:5754: result: yes
configure:5768: checking for uint64_t
configure:5768: gcc -c -g -O2  conftest.c >&5
configure:5768: $? = 0
configure:5768: result: yes
configure:5782: checking for uint8_t
configure:5782: gcc -c -g -O2  conftest.c >&5
configure:5782: $? = 0
configure:5782: result: yes
configure:5800: checking for stdlib.h
configure:5800: result: yes
configure:5810: checking for GNU libc compatible malloc
configure:5834: gcc -o conftest -g -O2   conftest.c  >&5
configure:5834: $? = 0
configure:5834: ./conftest
configure:5834: $? = 0
configure:5844: result: yes
configure:5868: checking for atexit
configure:5868: gcc -o conftest -g -O2   conftest.c  >&5
configure:5868: $? = 0
configure:5868: result: yes
configure:5868: checking for gettimeofday
configure:5868: gcc -o conftest -g -O2   conftest.c  >&5
configure:5868: $? = 0
configure:5868: result: yes
configure:5868: checking for memset
configure:5868: gcc -o conftest -g -O2   conftest.c  >&5
conftest.c:56:6: warning: conflicting types for built-in function 'memset'; expected 'void *(void *, int,  long unsigned int)' [-Wbuiltin-declaration-mismatch]
   56 | char memset ();
      |      ^~~~~~
conftest.c:44:1: note: 'memset' is declared in header '<string.h>'
   43 | # include <limits.h>
   44 | #else
configure:5868: $? = 0
configure:5868: result: yes
configure:5868: checking for pow
configure:5868: gcc -o conftest -g -O2   conftest.c  >&5
conftest.c:57:6: warning: conflicting types for built-in function 'pow'; expected 'double(double,  double)' [-Wbuiltin-declaration-mismatch]
   57 | char pow ();
      |      ^~~
conftest.c:45:1: note: 'pow' is declared in header '<math.h>'
   44 | # include <limits.h>
   45 | #else
/usr/bin/ld: /tmp/ccMflDvN.o: in function `main':
/home/mizzitelli/DAQ/CAENUpgrader-1.7.8/conftest.c:68: undefined reference to `pow'
collect2: error: ld returned 1 exit status
configure:5868: $? = 1
configure: failed program was:
| /* confdefs.h */
| #define PACKAGE_NAME "CAENUpgrader"
| #define PACKAGE_TARNAME "caenupgrader"
| #define PACKAGE_VERSION "1.7.8"
| #define PACKAGE_STRING "CAENUpgrader 1.7.8"
| #define PACKAGE_BUGREPORT ""
| #define PACKAGE_URL ""
| #define PACKAGE "CAENUpgrader"
| #define VERSION "1.7.8"
| #define LINUX 1
| #define STDC_HEADERS 1
| #define HAVE_SYS_TYPES_H 1
| #define HAVE_SYS_STAT_H 1
| #define HAVE_STDLIB_H 1
| #define HAVE_STRING_H 1
| #define HAVE_MEMORY_H 1
| #define HAVE_STRINGS_H 1
| #define HAVE_INTTYPES_H 1
| #define HAVE_STDINT_H 1
| #define HAVE_UNISTD_H 1
| #define HAVE_STDINT_H 1
| #define HAVE_STDLIB_H 1
| #define HAVE_STRING_H 1
| #define HAVE_SYS_TIME_H 1
| #define HAVE_SYS_TIMEB_H 1
| #define HAVE_TERMIOS_H 1
| #define HAVE_UNISTD_H 1
| #define HAVE_STDLIB_H 1
| #define HAVE_MALLOC 1
| #define HAVE_ATEXIT 1
| #define HAVE_GETTIMEOFDAY 1
| #define HAVE_MEMSET 1
| /* end confdefs.h.  */
| /* Define pow to an innocuous variant, in case <limits.h> declares pow.
|    For example, HP-UX 11i <limits.h> declares gettimeofday.  */
| #define pow innocuous_pow
| 
| /* System header to define __stub macros and hopefully few prototypes,
|     which can conflict with char pow (); below.
|     Prefer <limits.h> to <assert.h> if __STDC__ is defined, since
|     <limits.h> exists even on freestanding compilers.  */
| 
| #ifdef __STDC__
| # include <limits.h>
| #else
| # include <assert.h>
| #endif
| 
| #undef pow
| 
| /* Override any GCC internal prototype to avoid an error.
|    Use char because int might match the return type of a GCC
|    builtin and then its argument prototype would still apply.  */
| #ifdef __cplusplus
| extern "C"
| #endif
| char pow ();
| /* The GNU C library defines this for functions which it implements
|     to always fail with ENOSYS.  Some functions are actually named
|     something starting with __ and the normal name is an alias.  */
| #if defined __stub_pow || defined __stub___pow
| choke me
| #endif
| 
| int
| main ()
| {
| return pow ();
|   ;
|   return 0;
| }
configure:5868: result: no
configure:5868: checking for select
configure:5868: gcc -o conftest -g -O2   conftest.c  >&5
configure:5868: $? = 0
configure:5868: result: yes
configure:5868: checking for sqrt
configure:5868: gcc -o conftest -g -O2   conftest.c  >&5
conftest.c:58:6: warning: conflicting types for built-in function 'sqrt'; expected 'double(double)' [-Wbuiltin-declaration-mismatch]
   58 | char sqrt ();
      |      ^~~~
conftest.c:46:1: note: 'sqrt' is declared in header '<math.h>'
   45 | # include <limits.h>
   46 | #else
/usr/bin/ld: /tmp/cct7eUXK.o: in function `main':
/home/mizzitelli/DAQ/CAENUpgrader-1.7.8/conftest.c:69: undefined reference to `sqrt'
collect2: error: ld returned 1 exit status
configure:5868: $? = 1
configure: failed program was:
| /* confdefs.h */
| #define PACKAGE_NAME "CAENUpgrader"
| #define PACKAGE_TARNAME "caenupgrader"
| #define PACKAGE_VERSION "1.7.8"
| #define PACKAGE_STRING "CAENUpgrader 1.7.8"
| #define PACKAGE_BUGREPORT ""
| #define PACKAGE_URL ""
| #define PACKAGE "CAENUpgrader"
| #define VERSION "1.7.8"
| #define LINUX 1
| #define STDC_HEADERS 1
| #define HAVE_SYS_TYPES_H 1
| #define HAVE_SYS_STAT_H 1
| #define HAVE_STDLIB_H 1
| #define HAVE_STRING_H 1
| #define HAVE_MEMORY_H 1
| #define HAVE_STRINGS_H 1
| #define HAVE_INTTYPES_H 1
| #define HAVE_STDINT_H 1
| #define HAVE_UNISTD_H 1
| #define HAVE_STDINT_H 1
| #define HAVE_STDLIB_H 1
| #define HAVE_STRING_H 1
| #define HAVE_SYS_TIME_H 1
| #define HAVE_SYS_TIMEB_H 1
| #define HAVE_TERMIOS_H 1
| #define HAVE_UNISTD_H 1
| #define HAVE_STDLIB_H 1
| #define HAVE_MALLOC 1
| #define HAVE_ATEXIT 1
| #define HAVE_GETTIMEOFDAY 1
| #define HAVE_MEMSET 1
| #define HAVE_SELECT 1
| /* end confdefs.h.  */
| /* Define sqrt to an innocuous variant, in case <limits.h> declares sqrt.
|    For example, HP-UX 11i <limits.h> declares gettimeofday.  */
| #define sqrt innocuous_sqrt
| 
| /* System header to define __stub macros and hopefully few prototypes,
|     which can conflict with char sqrt (); below.
|     Prefer <limits.h> to <assert.h> if __STDC__ is defined, since
|     <limits.h> exists even on freestanding compilers.  */
| 
| #ifdef __STDC__
| # include <limits.h>
| #else
| # include <assert.h>
| #endif
| 
| #undef sqrt
| 
| /* Override any GCC internal prototype to avoid an error.
|    Use char because int might match the return type of a GCC
|    builtin and then its argument prototype would still apply.  */
| #ifdef __cplusplus
| extern "C"
| #endif
| char sqrt ();
| /* The GNU C library defines this for functions which it implements
|     to always fail with ENOSYS.  Some functions are actually named
|     something starting with __ and the normal name is an alias.  */
| #if defined __stub_sqrt || defined __stub___sqrt
| choke me
| #endif
| 
| int
| main ()
| {
| return sqrt ();
|   ;
|   return 0;
| }
configure:5868: result: no
configure:5979: checking that generated files are newer than configure
configure:5985: result: done
configure:6008: creating ./config.status

## ---------------------- ##
## Running config.status. ##
## ---------------------- ##

This file was extended by CAENUpgrader config.status 1.7.8, which was
generated by GNU Autoconf 2.69.  Invocation command line was

  CONFIG_FILES    = 
  CONFIG_HEADERS  = 
  CONFIG_LINKS    = 
  CONFIG_COMMANDS = 
  $ ./config.status 

on cygno1

config.status:875: creating Makefile
config.status:875: creating cvUpgrade/Makefile
config.status:875: creating cvUpgrade/src/Makefile
config.status:875: creating CAENBridgeUpgrade/Makefile
config.status:875: creating CAENBridgeUpgrade/src/Makefile
config.status:875: creating HVUpgrade/Makefile
config.status:875: creating HVUpgrade/src/Makefile
config.status:875: creating DeskBoot/Makefile
config.status:875: creating DeskBoot/src/Makefile
config.status:875: creating CAENUpgraderGUI/Makefile
config.status:875: creating config.h
config.status:1056: config.h is unchanged
config.status:1104: executing depfiles commands

## ---------------- ##
## Cache variables. ##
## ---------------- ##

ac_cv_c_compiler_gnu=yes
ac_cv_c_int16_t=yes
ac_cv_c_int32_t=yes
ac_cv_c_int8_t=yes
ac_cv_c_uint16_t=yes
ac_cv_c_uint32_t=yes
ac_cv_c_uint64_t=yes
ac_cv_c_uint8_t=yes
ac_cv_env_CC_set=
ac_cv_env_CC_value=
ac_cv_env_CFLAGS_set=
ac_cv_env_CFLAGS_value=
ac_cv_env_CPPFLAGS_set=
ac_cv_env_CPPFLAGS_value=
ac_cv_env_CPP_set=
ac_cv_env_CPP_value=
ac_cv_env_LDFLAGS_set=
ac_cv_env_LDFLAGS_value=
ac_cv_env_LIBS_set=
ac_cv_env_LIBS_value=
ac_cv_env_build_alias_set=
ac_cv_env_build_alias_value=
ac_cv_env_host_alias_set=
ac_cv_env_host_alias_value=
ac_cv_env_target_alias_set=
ac_cv_env_target_alias_value=
ac_cv_func_atexit=yes
ac_cv_func_gettimeofday=yes
ac_cv_func_malloc_0_nonnull=yes
ac_cv_func_memset=yes
ac_cv_func_pow=no
ac_cv_func_select=yes
ac_cv_func_sqrt=no
ac_cv_header_CAENComm_h=yes
ac_cv_header_CAENVMElib_h=yes
ac_cv_header_CAENVMEtypes_h=yes
ac_cv_header_inttypes_h=yes
ac_cv_header_memory_h=yes
ac_cv_header_stdc=yes
ac_cv_header_stdint_h=yes
ac_cv_header_stdlib_h=yes
ac_cv_header_string_h=yes
ac_cv_header_strings_h=yes
ac_cv_header_sys_stat_h=yes
ac_cv_header_sys_time_h=yes
ac_cv_header_sys_timeb_h=yes
ac_cv_header_sys_types_h=yes
ac_cv_header_termios_h=yes
ac_cv_header_unistd_h=yes
ac_cv_lib_CAENComm_CAENComm_OpenDevice2=yes
ac_cv_lib_CAENVME_CAENVME_Init2=yes
ac_cv_objext=o
ac_cv_path_EGREP='/usr/bin/grep -E'
ac_cv_path_GREP=/usr/bin/grep
ac_cv_path_install='/usr/bin/install -c'
ac_cv_path_mkdir=/usr/bin/mkdir
ac_cv_prog_AWK=mawk
ac_cv_prog_CPP='gcc -E'
ac_cv_prog_ac_ct_CC=gcc
ac_cv_prog_cc_c89=
ac_cv_prog_cc_g=yes
ac_cv_prog_make_make_set=yes
am_cv_CC_dependencies_compiler_type=gcc3
am_cv_make_support_nested_variables=yes
am_cv_prog_cc_c_o=yes

## ----------------- ##
## Output variables. ##
## ----------------- ##

ACLOCAL='${SHELL} /home/mizzitelli/DAQ/CAENUpgrader-1.7.8/missing aclocal-1.14'
AMDEPBACKSLASH='\'
AMDEP_FALSE='#'
AMDEP_TRUE=''
AMTAR='$${TAR-tar}'
AM_BACKSLASH='\'
AM_DEFAULT_V='$(AM_DEFAULT_VERBOSITY)'
AM_DEFAULT_VERBOSITY='1'
AM_V='$(V)'
AUTOCONF='${SHELL} /home/mizzitelli/DAQ/CAENUpgrader-1.7.8/missing autoconf'
AUTOHEADER='${SHELL} /home/mizzitelli/DAQ/CAENUpgrader-1.7.8/missing autoheader'
AUTOMAKE='${SHELL} /home/mizzitelli/DAQ/CAENUpgrader-1.7.8/missing automake-1.14'
AWK='mawk'
CC='gcc'
CCDEPMODE='depmode=gcc3'
CFLAGS='-g -O2'
CPP='gcc -E'
CPPFLAGS=''
CYGPATH_W='echo'
DEFS='-DHAVE_CONFIG_H'
DEPDIR='.deps'
ECHO_C=''
ECHO_N='-n'
ECHO_T=''
EGREP='/usr/bin/grep -E'
EXEEXT=''
GREP='/usr/bin/grep'
INSTALL_DATA='${INSTALL} -m 644'
INSTALL_PROGRAM='${INSTALL}'
INSTALL_SCRIPT='${INSTALL}'
INSTALL_STRIP_PROGRAM='$(install_sh) -c -s'
LDFLAGS=''
LIBOBJS=''
LIBS=''
LTLIBOBJS=''
MAKEINFO='${SHELL} /home/mizzitelli/DAQ/CAENUpgrader-1.7.8/missing makeinfo'
MKDIR_P='/usr/bin/mkdir -p'
OBJEXT='o'
PACKAGE='CAENUpgrader'
PACKAGE_BUGREPORT=''
PACKAGE_NAME='CAENUpgrader'
PACKAGE_STRING='CAENUpgrader 1.7.8'
PACKAGE_TARNAME='caenupgrader'
PACKAGE_URL=''
PACKAGE_VERSION='1.7.8'
PATH_SEPARATOR=':'
SET_MAKE=''
SHELL='/bin/bash'
STRIP=''
VERSION='1.7.8'
ac_ct_CC='gcc'
am__EXEEXT_FALSE=''
am__EXEEXT_TRUE='#'
am__fastdepCC_FALSE='#'
am__fastdepCC_TRUE=''
am__include='include'
am__isrc=''
am__leading_dot='.'
am__nodep='_no'
am__quote=''
am__tar='$${TAR-tar} chof - "$$tardir"'
am__untar='$${TAR-tar} xf -'
bindir='${exec_prefix}/bin'
build_alias=''
datadir='${datarootdir}'
datarootdir='${prefix}/share'
docdir='${datarootdir}/doc/${PACKAGE_TARNAME}'
dvidir='${docdir}'
exec_prefix='${prefix}'
host_alias=''
htmldir='${docdir}'
includedir='${prefix}/include'
infodir='${datarootdir}/info'
install_sh='${SHELL} /home/mizzitelli/DAQ/CAENUpgrader-1.7.8/install-sh'
libdir='${exec_prefix}/lib'
libexecdir='${exec_prefix}/libexec'
localedir='${datarootdir}/locale'
localstatedir='${prefix}/var'
mandir='${datarootdir}/man'
mkdir_p='$(MKDIR_P)'
oldincludedir='/usr/include'
pdfdir='${docdir}'
prefix='/usr/local'
program_transform_name='s,x,x,'
psdir='${docdir}'
sbindir='${exec_prefix}/sbin'
sharedstatedir='${prefix}/com'
sysconfdir='${prefix}/etc'
target_alias=''

## ----------- ##
## confdefs.h. ##
## ----------- ##

/* confdefs.h */
#define PACKAGE_NAME "CAENUpgrader"
#define PACKAGE_TARNAME "caenupgrader"
#define PACKAGE_VERSION "1.7.8"
#define PACKAGE_STRING "CAENUpgrader 1.7.8"
#define PACKAGE_BUGREPORT ""
#define PACKAGE_URL ""
#define PACKAGE "CAENUpgrader"
#define VERSION "1.7.8"
#define LINUX 1
#define STDC_HEADERS 1
#define HAVE_SYS_TYPES_H 1
#define HAVE_SYS_STAT_H 1
#define HAVE_STDLIB_H 1
#define HAVE_STRING_H 1
#define HAVE_MEMORY_H 1
#define HAVE_STRINGS_H 1
#define HAVE_INTTYPES_H 1
#define HAVE_STDINT_H 1
#define HAVE_UNISTD_H 1
#define HAVE_STDINT_H 1
#define HAVE_STDLIB_H 1
#define HAVE_STRING_H 1
#define HAVE_SYS_TIME_H 1
#define HAVE_SYS_TIMEB_H 1
#define HAVE_TERMIOS_H 1
#define HAVE_UNISTD_H 1
#define HAVE_STDLIB_H 1
#define HAVE_MALLOC 1
#define HAVE_ATEXIT 1
#define HAVE_GETTIMEOFDAY 1
#define HAVE_MEMSET 1
#define HAVE_SELECT 1

configure: exit 0
