uploading: /home/daq/data/run00025.mid.gz
[INFO] Uploading file: /app/run00025.mid.gz.mid.gz
[SUCCESS] Upload completed.
[INFO] Adding replication rule to T1_USERTAPE
[SUCCESS] Replica created.
uploading: /home/daq/data/run00025.mid.gz
[INFO] Uploading file: /app/run00025.mid.gz
[WARNING] File '/app/run00025.mid.gz' is already uploaded.
[INFO] Adding replication rule to T1_USERTAPE
[WARNING] Replica already exists on T1_USERTAPE.
uploading: /home/daq/data/ 
uploading: /home/daq/data/ 
[INFO] Uploading file: /app/run00030.mid.gz
[SUCCESS] Upload completed.
[INFO] Adding replication rule to T1_USERTAPE
[SUCCESS] Replica created.
uploading: /home/daq/data/ 
uploading: /home/daq/data/ 
[INFO] Uploading file: /app/run00031.mid.gz
[SUCCESS] Upload completed.
[INFO] Adding replication rule to T1_USERTAPE
[SUCCESS] Replica created.
uploading: /home/daq/data/ 
[INFO] Uploading file: /app/run00032.mid.gz
[SUCCESS] Upload completed.
[INFO] Adding replication rule to T1_USERTAPE
[SUCCESS] Replica created.
uploading: /home/daq/data/ 
[INFO] Uploading file: /app/run00033.mid.gz
[SUCCESS] Upload completed.
[INFO] Adding replication rule to T1_USERTAPE
[SUCCESS] Replica created.
uploading: /home/daq/data/ 
[INFO] Uploading file: /app/run00034.mid.gz
[SUCCESS] Upload completed.
[INFO] Adding replication rule to T1_USERTAPE
[SUCCESS] Replica created.
uploading: /home/daq/data/ 
[INFO] Uploading file: /app/run00034.mid.gz
[WARNING] File '/app/run00034.mid.gz' is already uploaded.
[INFO] Adding replication rule to T1_USERTAPE
[WARNING] Replica already exists on T1_USERTAPE.
uploading: /home/daq/data/ 
[INFO] Uploading file: /app/run00034.mid.gz
[WARNING] File '/app/run00034.mid.gz' is already uploaded.
[INFO] Adding replication rule to T1_USERTAPE
[WARNING] Replica already exists on T1_USERTAPE.
uploading: /home/daq/data/ 
[INFO] Uploading file: /app/run00034.mid.gz
[WARNING] File '/app/run00034.mid.gz' is already uploaded.
[INFO] Adding replication rule to T1_USERTAPE
[WARNING] Replica already exists on T1_USERTAPE.
uploading: /home/daq/data/ 
[INFO] Uploading file: /app/run00034.mid.gz
[WARNING] File '/app/run00034.mid.gz' is already uploaded.
[INFO] Adding replication rule to T1_USERTAPE
[WARNING] Replica already exists on T1_USERTAPE.
uploading: /home/daq/data/ 
[INFO] Uploading file: /app/run00034.mid.gz
[WARNING] File '/app/run00034.mid.gz' is already uploaded.
[INFO] Adding replication rule to T1_USERTAPE
[WARNING] Replica already exists on T1_USERTAPE.
uploading: /home/daq/data/ 
[INFO] Uploading file: /app/run00034.mid.gz
[WARNING] File '/app/run00034.mid.gz' is already uploaded.
[INFO] Adding replication rule to T1_USERTAPE
[WARNING] Replica already exists on T1_USERTAPE.
uploading: /home/daq/data/ 
[INFO] Uploading file: /app/run00034.mid.gz
[WARNING] File '/app/run00034.mid.gz' is already uploaded.
[INFO] Adding replication rule to T1_USERTAPE
[WARNING] Replica already exists on T1_USERTAPE.
uploading: /home/daq/data/ 
uploading: /home/daq/data/ 
[INFO] Uploading file: /app/run00036.mid.gz
[SUCCESS] Upload completed.
[INFO] Adding replication rule to T1_USERTAPE
[SUCCESS] Replica created.
uploading: /home/daq/data/ 
[INFO] Uploading file: /app/run00037.mid
[SUCCESS] Upload completed.
[INFO] Adding replication rule to T1_USERTAPE
[SUCCESS] Replica created.
uploading: /home/daq/data/ 
[INFO] Uploading file: /app/run00038.mid.gz
[SUCCESS] Upload completed.
[INFO] Adding replication rule to T1_USERTAPE
[SUCCESS] Replica created.
uploading: /home/daq/data/ 
[INFO] Uploading file: /app/run00040.mid.gz
[SUCCESS] Upload completed.
[INFO] Adding replication rule to T1_USERTAPE
[SUCCESS] Replica created.
uploading: /home/daq/data/ 
[INFO] Uploading file: /app/run00041.mid.gz
[SUCCESS] Upload completed.
[INFO] Adding replication rule to T1_USERTAPE
[SUCCESS] Replica created.
uploading: /home/daq/data/ 
[INFO] Uploading file: /app/run00041.mid.gz
[WARNING] File '/app/run00041.mid.gz' is already uploaded.
[INFO] Adding replication rule to T1_USERTAPE
[WARNING] Replica already exists on T1_USERTAPE.
uploading: /home/daq/data/ 
[INFO] Uploading file: /app/run00043.mid.gz
[SUCCESS] Upload completed.
[INFO] Adding replication rule to T1_USERTAPE
[SUCCESS] Replica created.
uploading: /home/daq/data/ 
[INFO] Uploading file: /app/run00044.mid.gz
[SUCCESS] Upload completed.
[INFO] Adding replication rule to T1_USERTAPE
[SUCCESS] Replica created.
